{"C:\\Workspace\\Danh-Gia-Kiem-Dinh-Phan-Mem\\IncomeTaxCacu\\sum.js": {"path":"C:\\Workspace\\Danh-Gia-Kiem-Dinh-Phan-Mem\\IncomeTaxCacu\\sum.js","statementMap":{"0":{"start":{"line":2,"column":2},"end":{"line":2,"column":15}},"1":{"start":{"line":4,"column":0},"end":{"line":4,"column":21}}},"fnMap":{"0":{"name":"sum","decl":{"start":{"line":1,"column":9},"end":{"line":1,"column":12}},"loc":{"start":{"line":1,"column":19},"end":{"line":3,"column":1}},"line":1}},"branchMap":{},"s":{"0":1,"1":1},"f":{"0":1},"b":{},"_coverageSchema":"1a1c01bbd47fc00a2c39e90264f33305004495a9","hash":"63f5d5573ccccf4a1a49ad744e6a757678034536"}
,"C:\\Workspace\\Danh-Gia-Kiem-Dinh-Phan-Mem\\IncomeTaxCacu\\taxCacu.js": {"path":"C:\\Workspace\\Danh-Gia-Kiem-Dinh-Phan-Mem\\IncomeTaxCacu\\taxCacu.js","statementMap":{"0":{"start":{"line":2,"column":17},"end":{"line":2,"column":66}},"1":{"start":{"line":3,"column":21},"end":{"line":3,"column":74}},"2":{"start":{"line":5,"column":4},"end":{"line":20,"column":5}},"3":{"start":{"line":6,"column":8},"end":{"line":6,"column":96}},"4":{"start":{"line":7,"column":8},"end":{"line":7,"column":65}},"5":{"start":{"line":8,"column":8},"end":{"line":8,"column":72}},"6":{"start":{"line":9,"column":8},"end":{"line":9,"column":67}},"7":{"start":{"line":10,"column":8},"end":{"line":10,"column":63}},"8":{"start":{"line":11,"column":8},"end":{"line":11,"column":63}},"9":{"start":{"line":12,"column":8},"end":{"line":12,"column":65}},"10":{"start":{"line":13,"column":8},"end":{"line":13,"column":65}},"11":{"start":{"line":14,"column":8},"end":{"line":14,"column":65}},"12":{"start":{"line":15,"column":8},"end":{"line":15,"column":65}},"13":{"start":{"line":16,"column":8},"end":{"line":16,"column":65}},"14":{"start":{"line":17,"column":8},"end":{"line":17,"column":65}},"15":{"start":{"line":18,"column":8},"end":{"line":18,"column":65}},"16":{"start":{"line":19,"column":8},"end":{"line":19,"column":15}},"17":{"start":{"line":22,"column":28},"end":{"line":22,"column":36}},"18":{"start":{"line":23,"column":29},"end":{"line":23,"column":49}},"19":{"start":{"line":24,"column":24},"end":{"line":24,"column":71}},"20":{"start":{"line":25,"column":14},"end":{"line":25,"column":15}},"21":{"start":{"line":26,"column":23},"end":{"line":26,"column":44}},"22":{"start":{"line":28,"column":4},"end":{"line":42,"column":5}},"23":{"start":{"line":29,"column":8},"end":{"line":29,"column":58}},"24":{"start":{"line":30,"column":8},"end":{"line":30,"column":26}},"25":{"start":{"line":31,"column":8},"end":{"line":31,"column":16}},"26":{"start":{"line":32,"column":24},"end":{"line":32,"column":36}},"27":{"start":{"line":33,"column":8},"end":{"line":33,"column":130}},"28":{"start":{"line":34,"column":8},"end":{"line":34,"column":149}},"29":{"start":{"line":35,"column":8},"end":{"line":35,"column":139}},"30":{"start":{"line":36,"column":8},"end":{"line":36,"column":125}},"31":{"start":{"line":37,"column":8},"end":{"line":37,"column":131}},"32":{"start":{"line":38,"column":8},"end":{"line":40,"column":9}},"33":{"start":{"line":38,"column":21},"end":{"line":38,"column":22}},"34":{"start":{"line":39,"column":12},"end":{"line":39,"column":152}},"35":{"start":{"line":41,"column":8},"end":{"line":41,"column":15}},"36":{"start":{"line":44,"column":4},"end":{"line":86,"column":5}},"37":{"start":{"line":45,"column":8},"end":{"line":45,"column":35}},"38":{"start":{"line":46,"column":8},"end":{"line":46,"column":47}},"39":{"start":{"line":47,"column":11},"end":{"line":86,"column":5}},"40":{"start":{"line":48,"column":8},"end":{"line":48,"column":55}},"41":{"start":{"line":49,"column":8},"end":{"line":49,"column":33}},"42":{"start":{"line":50,"column":8},"end":{"line":50,"column":58}},"43":{"start":{"line":51,"column":11},"end":{"line":86,"column":5}},"44":{"start":{"line":52,"column":8},"end":{"line":52,"column":57}},"45":{"start":{"line":53,"column":8},"end":{"line":53,"column":33}},"46":{"start":{"line":54,"column":8},"end":{"line":54,"column":33}},"47":{"start":{"line":55,"column":8},"end":{"line":55,"column":60}},"48":{"start":{"line":56,"column":11},"end":{"line":86,"column":5}},"49":{"start":{"line":57,"column":8},"end":{"line":57,"column":57}},"50":{"start":{"line":58,"column":8},"end":{"line":58,"column":33}},"51":{"start":{"line":59,"column":8},"end":{"line":59,"column":33}},"52":{"start":{"line":60,"column":8},"end":{"line":60,"column":34}},"53":{"start":{"line":61,"column":8},"end":{"line":61,"column":59}},"54":{"start":{"line":62,"column":11},"end":{"line":86,"column":5}},"55":{"start":{"line":63,"column":8},"end":{"line":63,"column":58}},"56":{"start":{"line":64,"column":8},"end":{"line":64,"column":33}},"57":{"start":{"line":65,"column":8},"end":{"line":65,"column":33}},"58":{"start":{"line":66,"column":8},"end":{"line":66,"column":34}},"59":{"start":{"line":67,"column":8},"end":{"line":67,"column":34}},"60":{"start":{"line":68,"column":8},"end":{"line":68,"column":60}},"61":{"start":{"line":69,"column":11},"end":{"line":86,"column":5}},"62":{"start":{"line":70,"column":8},"end":{"line":70,"column":57}},"63":{"start":{"line":71,"column":8},"end":{"line":71,"column":33}},"64":{"start":{"line":72,"column":8},"end":{"line":72,"column":33}},"65":{"start":{"line":73,"column":8},"end":{"line":73,"column":34}},"66":{"start":{"line":74,"column":8},"end":{"line":74,"column":34}},"67":{"start":{"line":75,"column":8},"end":{"line":75,"column":34}},"68":{"start":{"line":76,"column":8},"end":{"line":76,"column":59}},"69":{"start":{"line":78,"column":8},"end":{"line":78,"column":59}},"70":{"start":{"line":79,"column":8},"end":{"line":79,"column":33}},"71":{"start":{"line":80,"column":8},"end":{"line":80,"column":33}},"72":{"start":{"line":81,"column":8},"end":{"line":81,"column":34}},"73":{"start":{"line":82,"column":8},"end":{"line":82,"column":34}},"74":{"start":{"line":83,"column":8},"end":{"line":83,"column":34}},"75":{"start":{"line":84,"column":8},"end":{"line":84,"column":34}},"76":{"start":{"line":85,"column":8},"end":{"line":85,"column":60}},"77":{"start":{"line":89,"column":20},"end":{"line":89,"column":32}},"78":{"start":{"line":90,"column":4},"end":{"line":90,"column":54}},"79":{"start":{"line":91,"column":4},"end":{"line":91,"column":126}},"80":{"start":{"line":92,"column":4},"end":{"line":92,"column":145}},"81":{"start":{"line":93,"column":4},"end":{"line":93,"column":135}},"82":{"start":{"line":94,"column":4},"end":{"line":94,"column":121}},"83":{"start":{"line":95,"column":4},"end":{"line":95,"column":127}},"84":{"start":{"line":97,"column":4},"end":{"line":99,"column":5}},"85":{"start":{"line":97,"column":17},"end":{"line":97,"column":18}},"86":{"start":{"line":98,"column":8},"end":{"line":98,"column":148}},"87":{"start":{"line":102,"column":0},"end":{"line":102,"column":28}},"88":{"start":{"line":105,"column":4},"end":{"line":105,"column":54}},"89":{"start":{"line":106,"column":4},"end":{"line":106,"column":61}},"90":{"start":{"line":107,"column":4},"end":{"line":107,"column":68}},"91":{"start":{"line":108,"column":4},"end":{"line":108,"column":63}},"92":{"start":{"line":109,"column":4},"end":{"line":109,"column":59}},"93":{"start":{"line":110,"column":4},"end":{"line":110,"column":59}},"94":{"start":{"line":111,"column":4},"end":{"line":111,"column":61}},"95":{"start":{"line":112,"column":4},"end":{"line":112,"column":61}},"96":{"start":{"line":113,"column":4},"end":{"line":113,"column":61}},"97":{"start":{"line":114,"column":4},"end":{"line":114,"column":61}},"98":{"start":{"line":115,"column":4},"end":{"line":115,"column":61}},"99":{"start":{"line":116,"column":4},"end":{"line":116,"column":61}},"100":{"start":{"line":117,"column":4},"end":{"line":117,"column":61}}},"fnMap":{"0":{"name":"calculateTax","decl":{"start":{"line":1,"column":9},"end":{"line":1,"column":21}},"loc":{"start":{"line":1,"column":24},"end":{"line":100,"column":1}},"line":1},"1":{"name":"re","decl":{"start":{"line":104,"column":9},"end":{"line":104,"column":11}},"loc":{"start":{"line":104,"column":14},"end":{"line":118,"column":2}},"line":104}},"branchMap":{"0":{"loc":{"start":{"line":5,"column":4},"end":{"line":20,"column":5}},"type":"if","locations":[{"start":{"line":5,"column":4},"end":{"line":20,"column":5}},{"start":{},"end":{}}],"line":5},"1":{"loc":{"start":{"line":5,"column":8},"end":{"line":5,"column":74}},"type":"binary-expr","locations":[{"start":{"line":5,"column":8},"end":{"line":5,"column":21}},{"start":{"line":5,"column":25},"end":{"line":5,"column":35}},{"start":{"line":5,"column":39},"end":{"line":5,"column":56}},{"start":{"line":5,"column":60},"end":{"line":5,"column":74}}],"line":5},"2":{"loc":{"start":{"line":28,"column":4},"end":{"line":42,"column":5}},"type":"if","locations":[{"start":{"line":28,"column":4},"end":{"line":42,"column":5}},{"start":{},"end":{}}],"line":28},"3":{"loc":{"start":{"line":44,"column":4},"end":{"line":86,"column":5}},"type":"if","locations":[{"start":{"line":44,"column":4},"end":{"line":86,"column":5}},{"start":{"line":47,"column":11},"end":{"line":86,"column":5}}],"line":44},"4":{"loc":{"start":{"line":47,"column":11},"end":{"line":86,"column":5}},"type":"if","locations":[{"start":{"line":47,"column":11},"end":{"line":86,"column":5}},{"start":{"line":51,"column":11},"end":{"line":86,"column":5}}],"line":47},"5":{"loc":{"start":{"line":51,"column":11},"end":{"line":86,"column":5}},"type":"if","locations":[{"start":{"line":51,"column":11},"end":{"line":86,"column":5}},{"start":{"line":56,"column":11},"end":{"line":86,"column":5}}],"line":51},"6":{"loc":{"start":{"line":56,"column":11},"end":{"line":86,"column":5}},"type":"if","locations":[{"start":{"line":56,"column":11},"end":{"line":86,"column":5}},{"start":{"line":62,"column":11},"end":{"line":86,"column":5}}],"line":56},"7":{"loc":{"start":{"line":62,"column":11},"end":{"line":86,"column":5}},"type":"if","locations":[{"start":{"line":62,"column":11},"end":{"line":86,"column":5}},{"start":{"line":69,"column":11},"end":{"line":86,"column":5}}],"line":62},"8":{"loc":{"start":{"line":69,"column":11},"end":{"line":86,"column":5}},"type":"if","locations":[{"start":{"line":69,"column":11},"end":{"line":86,"column":5}},{"start":{"line":77,"column":11},"end":{"line":86,"column":5}}],"line":69}},"s":{"0":0,"1":0,"2":0,"3":0,"4":0,"5":0,"6":0,"7":0,"8":0,"9":0,"10":0,"11":0,"12":0,"13":0,"14":0,"15":0,"16":0,"17":0,"18":0,"19":0,"20":0,"21":0,"22":0,"23":0,"24":0,"25":0,"26":0,"27":0,"28":0,"29":0,"30":0,"31":0,"32":0,"33":0,"34":0,"35":0,"36":0,"37":0,"38":0,"39":0,"40":0,"41":0,"42":0,"43":0,"44":0,"45":0,"46":0,"47":0,"48":0,"49":0,"50":0,"51":0,"52":0,"53":0,"54":0,"55":0,"56":0,"57":0,"58":0,"59":0,"60":0,"61":0,"62":0,"63":0,"64":0,"65":0,"66":0,"67":0,"68":0,"69":0,"70":0,"71":0,"72":0,"73":0,"74":0,"75":0,"76":0,"77":0,"78":0,"79":0,"80":0,"81":0,"82":0,"83":0,"84":0,"85":0,"86":0,"87":1,"88":0,"89":0,"90":0,"91":0,"92":0,"93":0,"94":0,"95":0,"96":0,"97":0,"98":0,"99":0,"100":0},"f":{"0":0,"1":0},"b":{"0":[0,0],"1":[0,0,0,0],"2":[0,0],"3":[0,0],"4":[0,0],"5":[0,0],"6":[0,0],"7":[0,0],"8":[0,0]},"_coverageSchema":"1a1c01bbd47fc00a2c39e90264f33305004495a9","hash":"57e5e9bcf38b7c8323c9a2d3208d0afd039f02a2"}
}
